<?xml version="1.0" encoding="UTF-8"?>
<!-- Generated by org.testng.reporters.JUnitReportReporter -->
<testsuite skipped="0" hostname="DESKTOP-73BURMK" name="com.inetbanking.TestCases.Login_Test001" tests="1" failures="0" timestamp="2020-01-30T12:25:27 IST" time="45.412" errors="0">
  <testcase name="loginTest" time="45.412" classname="com.inetbanking.TestCases.Login_Test001"/>
</testsuite> <!-- com.inetbanking.TestCases.Login_Test001 -->
